[debug] [2024-05-02T23:40:26.216Z] ----------------------------------------------------------------------
[debug] [2024-05-02T23:40:26.218Z] Command:       C:\Program Files\nodejs\node.exe C:\Users\Northalis\AppData\Roaming\npm\node_modules\firebase-tools\lib\bin\firebase.js init
[debug] [2024-05-02T23:40:26.219Z] CLI Version:   13.8.0
[debug] [2024-05-02T23:40:26.219Z] Platform:      win32
[debug] [2024-05-02T23:40:26.219Z] Node Version:  v20.12.2
[debug] [2024-05-02T23:40:26.219Z] Time:          Fri May 03 2024 06:40:26 GMT+0700 (เวลาอินโดจีน)
[debug] [2024-05-02T23:40:26.219Z] ----------------------------------------------------------------------
[debug] 
[debug] [2024-05-02T23:40:26.224Z] > command requires scopes: ["email","openid","https://www.googleapis.com/auth/cloudplatformprojects.readonly","https://www.googleapis.com/auth/firebase","https://www.googleapis.com/auth/cloud-platform"]
[debug] [2024-05-02T23:40:26.224Z] > authorizing via signed-in user (feelamp852@gmail.com)
[info] 
     ######## #### ########  ######## ########     ###     ######  ########
     ##        ##  ##     ## ##       ##     ##  ##   ##  ##       ##
     ######    ##  ########  ######   ########  #########  ######  ######
     ##        ##  ##    ##  ##       ##     ## ##     ##       ## ##
     ##       #### ##     ## ######## ########  ##     ##  ######  ########

You're about to initialize a Firebase project in this directory:

  C:\Users\Northalis\Documents\TUclass\SF220\Final Project

[info] 
=== Project Setup
[info] 
[info] First, let's associate this project directory with a Firebase project.
[info] You can create multiple project aliases by running firebase use --add, 
[info] but for now we'll just set up a default project.
[info] 
[debug] [2024-05-02T23:41:11.042Z] >>> [apiv2][query] GET https://firebase.googleapis.com/v1beta1/projects pageSize=100
[debug] [2024-05-02T23:41:11.693Z] <<< [apiv2][status] GET https://firebase.googleapis.com/v1beta1/projects 200
[debug] [2024-05-02T23:41:11.693Z] <<< [apiv2][body] GET https://firebase.googleapis.com/v1beta1/projects [omitted]
[info] i  Using project tempest-5578a (TEMPEST) 
[info] 
=== Hosting Setup
[debug] [2024-05-02T23:41:13.572Z] >>> [apiv2][query] GET https://firebase.googleapis.com/v1beta1/projects/tempest-5578a [none]
[debug] [2024-05-02T23:41:14.094Z] <<< [apiv2][status] GET https://firebase.googleapis.com/v1beta1/projects/tempest-5578a 200
[debug] [2024-05-02T23:41:14.094Z] <<< [apiv2][body] GET https://firebase.googleapis.com/v1beta1/projects/tempest-5578a {"projectId":"tempest-5578a","projectNumber":"179901102310","displayName":"TEMPEST","name":"projects/tempest-5578a","resources":{"hostingSite":"tempest-5578a"},"state":"ACTIVE","etag":"1_816b8894-fc03-4507-b647-a878e9fbd06a"}
[info] 
[info] Your public directory is the folder (relative to your project directory) that
[info] will contain Hosting assets to be uploaded with firebase deploy. If you
[info] have a build process for your assets, use your build's output directory.
[info] 
